2024-11-07 16:38:42,960 [INFO] Activator:179 - 


2024-11-07 16:38:42,961 [INFO] Activator:180 - !SESSION log4j initialized
2024-11-07 16:38:51,609 [INFO] McuFinderGlobals:52 - Set McuFinder mode to 2 (CubeIDE integrated)
2024-11-07 16:38:51,908 [INFO] ApplicationProperties:181 - Using Application install path: C:\ST\STM32CubeIDE_1.11.0\STM32CubeIDE\plugins\com.st.stm32cube.common.mx_6.7.0.202211181646
2024-11-07 16:38:51,926 [INFO] DbMcusXml:77 - Set database path to: C:\ST\STM32CubeIDE_1.11.0\STM32CubeIDE\plugins\com.st.stm32cube.common.mx_6.7.0.202211181646\\db\/mcu/
2024-11-07 16:38:51,926 [INFO] ApiDb:273 - Set plugin database path to: C:\ST\STM32CubeIDE_1.11.0\STM32CubeIDE\plugins\com.st.stm32cube.common.mx_6.7.0.202211181646\\db\/plugins/boardmanager/
2024-11-07 16:38:51,929 [WARN] ApiDb:258 - Overriding images path with different value:  => C:\ST\STM32CubeIDE_1.11.0\STM32CubeIDE\plugins\com.st.stm32cube.common.mx_6.7.0.202211181646\\db\/plugins/mcufinder/images/
2024-11-07 16:38:51,945 [INFO] ApiDb:249 - Set database path to: C:\Users\Igor\.stmcufinder\plugins\mcufinder//mcu/
2024-11-07 16:38:51,947 [INFO] DbMcusAds:124 - Set database path to: C:\Users\Igor\.stmcufinder\plugins\mcufinder//mcu/
2024-11-07 16:38:51,950 [INFO] CrossReferenceDbSqlite:202 - Set database path to: C:\Users\Igor\.stmcufinder\plugins\mcufinder//mcu/cs/
2024-11-07 16:38:52,108 [INFO] RulesReader:61 - Compatibility file has been processed (283 Rules)
2024-11-07 16:38:52,209 [INFO] DbMcusXml:77 - Set database path to: C:\ST\STM32CubeIDE_1.11.0\STM32CubeIDE\plugins\com.st.stm32cube.common.mx_6.7.0.202211181646\\db\/mcu/
2024-11-07 16:38:52,209 [INFO] ApiDb:273 - Set plugin database path to: C:\ST\STM32CubeIDE_1.11.0\STM32CubeIDE\plugins\com.st.stm32cube.common.mx_6.7.0.202211181646\\db\/plugins/boardmanager/
2024-11-07 16:38:52,209 [INFO] ApiDb:260 - Set plugin images path to: C:\ST\STM32CubeIDE_1.11.0\STM32CubeIDE\plugins\com.st.stm32cube.common.mx_6.7.0.202211181646\\db\/plugins/mcufinder/images/
2024-11-07 16:38:52,210 [WARN] DbFile:40 - Overriding database path with different value: C:\Users\Igor\.stmcufinder\plugins\mcufinder/ => C:\Users\Igor\.stmcufinder\plugins\mcufinder
2024-11-07 16:38:52,210 [INFO] ApiDb:249 - Set database path to: C:\Users\Igor\.stmcufinder\plugins\mcufinder//mcu/
2024-11-07 16:38:52,210 [WARN] DbFile:40 - Overriding database path with different value: C:\Users\Igor\.stmcufinder\plugins\mcufinder/ => C:\Users\Igor\.stmcufinder\plugins\mcufinder
2024-11-07 16:38:52,210 [INFO] DbMcusAds:124 - Set database path to: C:\Users\Igor\.stmcufinder\plugins\mcufinder//mcu/
2024-11-07 16:38:52,211 [WARN] DbFile:40 - Overriding database path with different value: C:\Users\Igor\.stmcufinder\plugins\mcufinder/ => C:\Users\Igor\.stmcufinder\plugins\mcufinder
2024-11-07 16:38:52,211 [WARN] DbFile:40 - Overriding database path with different value: C:\Users\Igor\.stmcufinder\plugins\mcufinder/ => C:\Users\Igor\.stmcufinder\plugins\mcufinder
2024-11-07 16:38:52,211 [INFO] CrossReferenceDbSqlite:202 - Set database path to: C:\Users\Igor\.stmcufinder\plugins\mcufinder//mcu/cs/
2024-11-07 16:38:52,284 [INFO] MainPanel:252 - HeapMemory: 268435456
2024-11-07 16:38:52,355 [INFO] DbMcusXml:77 - Set database path to: C:\ST\STM32CubeIDE_1.11.0\STM32CubeIDE\plugins\com.st.stm32cube.common.mx_6.7.0.202211181646\\db\/mcu/
2024-11-07 16:38:52,355 [INFO] ApiDb:273 - Set plugin database path to: C:\ST\STM32CubeIDE_1.11.0\STM32CubeIDE\plugins\com.st.stm32cube.common.mx_6.7.0.202211181646\\db\/plugins/boardmanager/
2024-11-07 16:38:52,355 [INFO] ApiDb:260 - Set plugin images path to: C:\ST\STM32CubeIDE_1.11.0\STM32CubeIDE\plugins\com.st.stm32cube.common.mx_6.7.0.202211181646\\db\/plugins/mcufinder/images/
2024-11-07 16:38:52,356 [WARN] DbFile:40 - Overriding database path with different value: C:\Users\Igor\.stmcufinder\plugins\mcufinder/ => C:\Users\Igor\.stmcufinder\plugins\mcufinder
2024-11-07 16:38:52,356 [INFO] ApiDb:249 - Set database path to: C:\Users\Igor\.stmcufinder\plugins\mcufinder//mcu/
2024-11-07 16:38:52,356 [WARN] DbFile:40 - Overriding database path with different value: C:\Users\Igor\.stmcufinder\plugins\mcufinder/ => C:\Users\Igor\.stmcufinder\plugins\mcufinder
2024-11-07 16:38:52,356 [INFO] DbMcusAds:124 - Set database path to: C:\Users\Igor\.stmcufinder\plugins\mcufinder//mcu/
2024-11-07 16:38:52,356 [WARN] DbFile:40 - Overriding database path with different value: C:\Users\Igor\.stmcufinder\plugins\mcufinder/ => C:\Users\Igor\.stmcufinder\plugins\mcufinder
2024-11-07 16:38:52,357 [WARN] DbFile:40 - Overriding database path with different value: C:\Users\Igor\.stmcufinder\plugins\mcufinder/ => C:\Users\Igor\.stmcufinder\plugins\mcufinder
2024-11-07 16:38:52,357 [INFO] CrossReferenceDbSqlite:202 - Set database path to: C:\Users\Igor\.stmcufinder\plugins\mcufinder//mcu/cs/
2024-11-07 16:38:52,392 [INFO] ApplicationProperties:181 - Using Application install path: C:\ST\STM32CubeIDE_1.11.0\STM32CubeIDE\plugins\com.st.stm32cube.common.mx_6.7.0.202211181646
2024-11-07 16:38:52,394 [INFO] PluginManage:193 - Search for loadable plugins [exclusion list=, ]
2024-11-07 16:38:52,396 [INFO] PluginManage:307 - Check plugin analytics
2024-11-07 16:38:52,574 [INFO] AnalyticsPlugin:262 - Accepted Software Licenses: STM32CubeMX.6.12.1
2024-11-07 16:38:52,575 [INFO] AnalyticsPlugin:264 - Accepted CMSIS Pack Licenses: wolfSSL.I-CUBE-wolfSSL.5.7.2
2024-11-07 16:38:52,575 [INFO] AnalyticsPlugin:266 - Accepted Firmware Licenses: FW.F4.1.28.0
2024-11-07 16:38:52,582 [INFO] PluginManage:356 - Loaded plugin analytics (category:tool,tabindex:-1)
2024-11-07 16:38:52,583 [INFO] PluginManage:307 - Check plugin cadmodel
2024-11-07 16:38:52,590 [INFO] CADModel:104 - Init CAD model plugin
2024-11-07 16:38:52,591 [INFO] PluginManage:356 - Loaded plugin cadmodel (category:power,tabindex:5)
2024-11-07 16:38:52,591 [INFO] PluginManage:307 - Check plugin clock
2024-11-07 16:38:52,601 [INFO] PluginManage:356 - Loaded plugin clock (category:base,tabindex:2)
2024-11-07 16:38:52,601 [INFO] PluginManage:307 - Check plugin ddr
2024-11-07 16:38:52,603 [INFO] PluginManage:356 - Loaded plugin ddr (category:tool,tabindex:6)
2024-11-07 16:38:52,603 [INFO] PluginManage:307 - Check plugin filemanager
2024-11-07 16:38:52,738 [INFO] PluginManage:356 - Loaded plugin filemanager (category:base,tabindex:10)
2024-11-07 16:38:52,738 [INFO] PluginManage:307 - Check plugin ipmanager
2024-11-07 16:38:52,746 [INFO] PluginManage:356 - Loaded plugin ipmanager (category:base,tabindex:5)
2024-11-07 16:38:52,746 [INFO] PluginManage:307 - Check plugin lpbam
2024-11-07 16:38:52,755 [INFO] PluginManage:356 - Loaded plugin lpbam (category:base,tabindex:0)
2024-11-07 16:38:52,755 [INFO] PluginManage:307 - Check plugin pinoutandconfiguration
2024-11-07 16:38:52,762 [INFO] PluginManage:356 - Loaded plugin pinoutandconfiguration (category:base,tabindex:1)
2024-11-07 16:38:52,763 [INFO] PluginManage:307 - Check plugin pinoutconfig
2024-11-07 16:38:52,811 [INFO] PluginManage:356 - Loaded plugin pinoutconfig (category:base,tabindex:0)
2024-11-07 16:38:52,811 [INFO] PluginManage:307 - Check plugin power
2024-11-07 16:38:52,821 [INFO] PluginManage:356 - Loaded plugin power (category:power,tabindex:4)
2024-11-07 16:38:52,821 [INFO] PluginManage:307 - Check plugin projectmanager
2024-11-07 16:38:52,842 [INFO] PluginManage:356 - Loaded plugin projectmanager (category:projectmanager,tabindex:3)
2024-11-07 16:38:52,842 [INFO] PluginManage:307 - Check plugin thirdparty
2024-11-07 16:38:52,973 [INFO] PluginManage:356 - Loaded plugin thirdparty (category:base,tabindex:-1)
2024-11-07 16:38:52,973 [INFO] PluginManage:307 - Check plugin tools
2024-11-07 16:38:52,976 [INFO] PluginManage:356 - Loaded plugin tools (category:base,tabindex:7)
2024-11-07 16:38:52,976 [INFO] PluginManage:307 - Check plugin tutovideos
2024-11-07 16:38:52,980 [WARN] IntegrityCheckThread:82 - waiting for thirdparty lock release [integrity check]
2024-11-07 16:38:52,980 [INFO] IntegrityCheckThread:84 - entering critical section [integrity check]
2024-11-07 16:38:52,983 [INFO] ThirdPartyUpdaterWithRetryManager:70 - Updater plugin not ready yet. [1/15]
2024-11-07 16:38:53,182 [INFO] PluginManage:356 - Loaded plugin tutovideos (category:base,tabindex:-1)
2024-11-07 16:38:53,182 [INFO] PluginManage:307 - Check plugin updater
2024-11-07 16:38:53,195 [INFO] PluginManage:356 - Loaded plugin updater (category:base,tabindex:12)
2024-11-07 16:38:53,195 [INFO] PluginManage:280 - PluginManage : Loaded plugins [15]
2024-11-07 16:38:53,477 [INFO] PinOutPanel:1477 - setPackage(No Configuration,No Configuration)
2024-11-07 16:38:53,542 [INFO] CADModel:164 - CPN selected for project level
2024-11-07 16:38:53,542 [INFO] CADModel:113 - Register for checkConnection events
2024-11-07 16:38:53,561 [INFO] IPUIPlugin:79 - create IPUIPlugin
2024-11-07 16:38:53,562 [INFO] PluginManager:219 - loadIPPluginJar : add adc
2024-11-07 16:38:53,566 [INFO] IPUIPlugin:79 - create IPUIPlugin
2024-11-07 16:38:53,566 [INFO] PluginManager:219 - loadIPPluginJar : add aes
2024-11-07 16:38:53,569 [INFO] IPUIPlugin:79 - create IPUIPlugin
2024-11-07 16:38:53,569 [INFO] PluginManager:219 - loadIPPluginJar : add can
2024-11-07 16:38:53,571 [INFO] IPUIPlugin:79 - create IPUIPlugin
2024-11-07 16:38:53,571 [INFO] PluginManager:219 - loadIPPluginJar : add comp
2024-11-07 16:38:53,574 [INFO] IPUIPlugin:79 - create IPUIPlugin
2024-11-07 16:38:53,574 [INFO] PluginManager:219 - loadIPPluginJar : add cryp
2024-11-07 16:38:53,577 [INFO] IPUIPlugin:79 - create IPUIPlugin
2024-11-07 16:38:53,577 [INFO] PluginManager:219 - loadIPPluginJar : add dfsdm
2024-11-07 16:38:53,584 [INFO] IPUIPlugin:79 - create IPUIPlugin
2024-11-07 16:38:53,584 [INFO] PluginManager:219 - loadIPPluginJar : add dma
2024-11-07 16:38:53,587 [INFO] IPUIPlugin:79 - create IPUIPlugin
2024-11-07 16:38:53,587 [INFO] PluginManager:219 - loadIPPluginJar : add dma3
2024-11-07 16:38:53,589 [INFO] IPUIPlugin:79 - create IPUIPlugin
2024-11-07 16:38:53,589 [INFO] PluginManager:219 - loadIPPluginJar : add fatfs
2024-11-07 16:38:53,594 [INFO] IPUIPlugin:79 - create IPUIPlugin
2024-11-07 16:38:53,594 [INFO] PluginManager:219 - loadIPPluginJar : add fmc
2024-11-07 16:38:53,602 [INFO] IPUIPlugin:79 - create IPUIPlugin
2024-11-07 16:38:53,602 [INFO] PluginManager:219 - loadIPPluginJar : add freertos
2024-11-07 16:38:53,604 [INFO] IPUIPlugin:79 - create IPUIPlugin
2024-11-07 16:38:53,604 [INFO] PluginManager:219 - loadIPPluginJar : add genericplugin
2024-11-07 16:38:53,607 [INFO] IPUIPlugin:79 - create IPUIPlugin
2024-11-07 16:38:53,607 [INFO] PluginManager:219 - loadIPPluginJar : add gfxmmu
2024-11-07 16:38:53,613 [INFO] IPUIPlugin:79 - create IPUIPlugin
2024-11-07 16:38:53,613 [INFO] PluginManager:219 - loadIPPluginJar : add gic
2024-11-07 16:38:53,617 [INFO] IPUIPlugin:79 - create IPUIPlugin
2024-11-07 16:38:53,617 [INFO] PluginManager:219 - loadIPPluginJar : add gpio
2024-11-07 16:38:53,620 [INFO] IPUIPlugin:79 - create IPUIPlugin
2024-11-07 16:38:53,621 [INFO] PluginManager:219 - loadIPPluginJar : add gtzc
2024-11-07 16:38:53,624 [INFO] IPUIPlugin:79 - create IPUIPlugin
2024-11-07 16:38:53,624 [INFO] PluginManager:219 - loadIPPluginJar : add hash
2024-11-07 16:38:53,627 [INFO] IPUIPlugin:79 - create IPUIPlugin
2024-11-07 16:38:53,627 [INFO] PluginManager:219 - loadIPPluginJar : add i2c
2024-11-07 16:38:53,630 [INFO] IPUIPlugin:79 - create IPUIPlugin
2024-11-07 16:38:53,630 [INFO] PluginManager:219 - loadIPPluginJar : add i2s
2024-11-07 16:38:53,634 [INFO] IPUIPlugin:79 - create IPUIPlugin
2024-11-07 16:38:53,634 [INFO] PluginManager:219 - loadIPPluginJar : add ipddr
2024-11-07 16:38:53,642 [INFO] IPUIPlugin:79 - create IPUIPlugin
2024-11-07 16:38:53,642 [INFO] PluginManager:219 - loadIPPluginJar : add linkedlist
2024-11-07 16:38:53,645 [INFO] IPUIPlugin:79 - create IPUIPlugin
2024-11-07 16:38:53,645 [INFO] PluginManager:219 - loadIPPluginJar : add lorawan
2024-11-07 16:38:53,647 [INFO] IPUIPlugin:79 - create IPUIPlugin
2024-11-07 16:38:53,647 [INFO] PluginManager:219 - loadIPPluginJar : add ltdc
2024-11-07 16:38:53,653 [INFO] IPUIPlugin:79 - create IPUIPlugin
2024-11-07 16:38:53,653 [INFO] PluginManager:219 - loadIPPluginJar : add mdma
2024-11-07 16:38:53,657 [INFO] IPUIPlugin:79 - create IPUIPlugin
2024-11-07 16:38:53,657 [INFO] PluginManager:219 - loadIPPluginJar : add nvic
2024-11-07 16:38:53,661 [INFO] IPUIPlugin:79 - create IPUIPlugin
2024-11-07 16:38:53,661 [INFO] PluginManager:219 - loadIPPluginJar : add opamp
2024-11-07 16:38:53,664 [INFO] IPUIPlugin:79 - create IPUIPlugin
2024-11-07 16:38:53,665 [INFO] PluginManager:219 - loadIPPluginJar : add openamp
2024-11-07 16:38:53,668 [INFO] IPUIPlugin:79 - create IPUIPlugin
2024-11-07 16:38:53,669 [INFO] PluginManager:219 - loadIPPluginJar : add pdm2pcm
2024-11-07 16:38:53,676 [INFO] IPUIPlugin:79 - create IPUIPlugin
2024-11-07 16:38:53,680 [INFO] PluginManager:219 - loadIPPluginJar : add plateformsettings
2024-11-07 16:38:53,682 [INFO] IPUIPlugin:79 - create IPUIPlugin
2024-11-07 16:38:53,682 [INFO] PluginManager:219 - loadIPPluginJar : add quadspi
2024-11-07 16:38:53,686 [INFO] IPUIPlugin:79 - create IPUIPlugin
2024-11-07 16:38:53,687 [INFO] PluginManager:219 - loadIPPluginJar : add resmgrutility
2024-11-07 16:38:53,689 [INFO] IPUIPlugin:79 - create IPUIPlugin
2024-11-07 16:38:53,689 [INFO] PluginManager:219 - loadIPPluginJar : add sai
2024-11-07 16:38:53,692 [INFO] IPUIPlugin:79 - create IPUIPlugin
2024-11-07 16:38:53,692 [INFO] PluginManager:219 - loadIPPluginJar : add spi
2024-11-07 16:38:53,697 [INFO] IPUIPlugin:79 - create IPUIPlugin
2024-11-07 16:38:53,697 [INFO] PluginManager:219 - loadIPPluginJar : add stm32_wpan
2024-11-07 16:38:53,699 [INFO] IPUIPlugin:79 - create IPUIPlugin
2024-11-07 16:38:53,700 [INFO] PluginManager:219 - loadIPPluginJar : add tim
2024-11-07 16:38:53,703 [INFO] IPUIPlugin:79 - create IPUIPlugin
2024-11-07 16:38:53,704 [INFO] PluginManager:219 - loadIPPluginJar : add touchsensing
2024-11-07 16:38:53,706 [INFO] IPUIPlugin:79 - create IPUIPlugin
2024-11-07 16:38:53,706 [INFO] PluginManager:219 - loadIPPluginJar : add tracer_emb
2024-11-07 16:38:53,709 [INFO] IPUIPlugin:79 - create IPUIPlugin
2024-11-07 16:38:53,709 [INFO] PluginManager:219 - loadIPPluginJar : add ts
2024-11-07 16:38:53,711 [INFO] IPUIPlugin:79 - create IPUIPlugin
2024-11-07 16:38:53,711 [INFO] PluginManager:219 - loadIPPluginJar : add tsc
2024-11-07 16:38:53,714 [INFO] IPUIPlugin:79 - create IPUIPlugin
2024-11-07 16:38:53,714 [INFO] PluginManager:219 - loadIPPluginJar : add ucpd
2024-11-07 16:38:53,717 [INFO] IPUIPlugin:79 - create IPUIPlugin
2024-11-07 16:38:53,718 [INFO] PluginManager:219 - loadIPPluginJar : add usart
2024-11-07 16:38:53,721 [INFO] IPUIPlugin:79 - create IPUIPlugin
2024-11-07 16:38:53,722 [INFO] PluginManager:219 - loadIPPluginJar : add usbx
2024-11-07 16:38:53,874 [INFO] CADModel:164 - CPN selected for project level
2024-11-07 16:38:53,874 [INFO] CADModel:113 - Register for checkConnection events
2024-11-07 16:38:53,874 [FATAL] Updater:308 - Updater called before beeing initialized
2024-11-07 16:38:53,874 [ERROR] CADModel:124 - Updater not yet initialized, retry later 
2024-11-07 16:38:54,030 [INFO] CADModel:164 - CPN selected for project level
2024-11-07 16:38:54,030 [INFO] CADModel:113 - Register for checkConnection events
2024-11-07 16:38:54,030 [FATAL] Updater:308 - Updater called before beeing initialized
2024-11-07 16:38:54,030 [ERROR] CADModel:124 - Updater not yet initialized, retry later 
2024-11-07 16:38:54,033 [FATAL] Updater:308 - Updater called before beeing initialized
2024-11-07 16:38:54,146 [FATAL] Updater:308 - Updater called before beeing initialized
2024-11-07 16:38:54,154 [INFO] DbMcusAds:52 - JSON generation date=Fri Sep 20 15:04:38 CEST 2024 (1726837478367)
2024-11-07 16:38:54,154 [FATAL] Updater:308 - Updater called before beeing initialized
2024-11-07 16:38:54,192 [WARN] DetailPanel:344 - Failed to get advertising image, set to default
2024-11-07 16:38:54,321 [FATAL] Updater:308 - Updater called before beeing initialized
2024-11-07 16:38:54,323 [FATAL] Updater:308 - Updater called before beeing initialized
2024-11-07 16:38:54,323 [FATAL] Updater:308 - Updater called before beeing initialized
2024-11-07 16:38:54,324 [WARN] DetailPanel:344 - Failed to get advertising image, set to default
2024-11-07 16:38:54,324 [FATAL] Updater:308 - Updater called before beeing initialized
2024-11-07 16:38:54,396 [ERROR] Updater:1120 - MainUpdater not yet initialized. External WinMGr cannot be set.
2024-11-07 16:38:54,398 [INFO] Updater:1056 - Updater Version found : 6.7.0
2024-11-07 16:38:54,414 [INFO] ApplicationProperties:181 - Using Application install path: C:\ST\STM32CubeIDE_1.11.0\STM32CubeIDE\plugins\com.st.stm32cube.common.mx_6.7.0.202211181646
2024-11-07 16:38:54,584 [INFO] MainUpdater:2800 - connection check result : 10
2024-11-07 16:38:54,585 [INFO] MainUpdater:282 - Updater Check For Update Now.
2024-11-07 16:38:54,585 [INFO] MicroXplorer:481 - Change Database Version : DB.6.0.70
2024-11-07 16:38:54,808 [INFO] CheckServerUpdateThread:119 - End of CheckServer Thread
2024-11-07 16:38:54,993 [INFO] MainUpdater:2800 - connection check result : 10
2024-11-07 16:38:55,332 [INFO] ApiDb:580 - Connected to CubeFinder SQLite database (C:\Users\Igor\.stmcufinder\plugins\mcufinder\mcu\cube-finder-db.db)
2024-11-07 16:38:55,412 [INFO] ApiDb:667 - CubeFinder database Data Model version=2.1
2024-11-07 16:38:55,412 [INFO] ApiDb:668 - CubeFinder database Configuration version=3.0.39
2024-11-07 16:38:55,412 [INFO] ApiDb:669 - CubeFinder database generation date=2024-10-15 (1729006872)
2024-11-07 16:38:55,412 [INFO] ApiDb:670 - CubeFinder database FW Pack versions=[FP-ATR-ASTRA1_V2.0.0, FP-SNS-FLIGHT1_V5.0.2, FP-SNS-MOTENV1_V5.0.0, FP-SNS-MOTENVWB1_V1.4.0, FP-SNS-SMARTAG2_V1.2.0, FP-SNS-STBOX1_V2.0.0, STM32Cube_FW_C0_V1.2.0, STM32Cube_FW_F4_V1.28.1, STM32Cube_FW_F7_V1.17.2, STM32Cube_FW_G0_V1.6.2, STM32Cube_FW_G4_V1.6.0, STM32Cube_FW_H5_V1.3.0, STM32Cube_FW_H7RS_V1.1.0, STM32Cube_FW_H7_V1.11.2, STM32Cube_FW_L0_V1.12.2, STM32Cube_FW_L5_V1.5.1, STM32Cube_FW_U0_V1.1.0, STM32Cube_FW_U5_V1.6.0, STM32Cube_FW_WB0_V1.0.0, STM32Cube_FW_WBA_V1.4.1, STM32Cube_FW_WB_V1.20.0, STM32Cube_FW_WL_V1.3.0, X-CUBE-ALGOBUILD_V1.4.0, X-CUBE-ALS_V1.0.2, X-CUBE-AZRTOS-F4_V1.1.0, X-CUBE-AZRTOS-F7_V1.1.0, X-CUBE-AZRTOS-G0_V1.1.0, X-CUBE-AZRTOS-G4_V2.0.0, X-CUBE-AZRTOS-H7RS_V1.0.0, X-CUBE-AZRTOS-H7_V3.3.0, X-CUBE-AZRTOS-L4_V2.0.0, X-CUBE-AZRTOS-L5_V2.0.0, X-CUBE-AZRTOS-WB_V2.0.0, X-CUBE-AZRTOS-WL_V2.0.0, X-CUBE-BLE1_V7.0.0, X-CUBE-BLE2_V3.3.0, X-CUBE-BLEMGR_V3.1.0, X-CUBE-EEPRMA1_V5.1.0, X-CUBE-FREERTOS_V1.2.0, X-CUBE-GNSS1_V6.0.0, X-CUBE-MEMS1_V11.0.0, X-CUBE-NFC4_V3.0.0, X-CUBE-NFC7_V1.0.1, X-CUBE-SFXS2LP1_V4.0.0, X-CUBE-SUBG2_V5.0.0, X-CUBE-TOF1_V3.4.2]
2024-11-07 16:38:56,216 [WARN] PackLoader:242 - Cannot read IP mode file for STMicroelectronics.FP-SNS-MOTENVWB1.1.4.0
2024-11-07 16:38:56,239 [WARN] PackLoader:242 - Cannot read IP mode file for STMicroelectronics.X-CUBE-SMBUS.2.1.0
2024-11-07 16:38:56,268 [WARN] PackLoader:242 - Cannot read IP mode file for STMicroelectronics.X-CUBE-WB05N.1.1.0
2024-11-07 16:38:56,274 [WARN] PackLoader:242 - Cannot read IP mode file for STMicroelectronics.X-CUBE-TOUCHGFX.4.23.2
2024-11-07 16:38:56,307 [WARN] PackLoader:242 - Cannot read IP mode file for STMicroelectronics.X-CUBE-AZRTOS-F7.1.1.0
2024-11-07 16:38:56,391 [WARN] PackLoader:242 - Cannot read IP mode file for STMicroelectronics.X-CUBE-MEMS1.11.0.0
2024-11-07 16:38:56,577 [WARN] PackLoader:242 - Cannot read IP mode file for STMicroelectronics.FP-SNS-FLIGHT1.5.0.2
2024-11-07 16:38:56,585 [WARN] PackLoader:242 - Cannot read IP mode file for STMicroelectronics.X-CUBE-DISPLAY.3.0.0
2024-11-07 16:38:56,596 [WARN] PackLoader:242 - Cannot read IP mode file for STMicroelectronics.X-CUBE-BLE1.7.0.0
2024-11-07 16:38:56,611 [WARN] PackLoader:242 - Cannot read IP mode file for STMicroelectronics.X-CUBE-NFC10.1.0.0
2024-11-07 16:38:56,618 [WARN] PackLoader:242 - Cannot read IP mode file for emotas.I-CUBE-CANOPEN.1.3.0
2024-11-07 16:38:56,629 [WARN] PackLoader:242 - Cannot read IP mode file for STMicroelectronics.X-CUBE-BLEMGR.3.1.0
2024-11-07 16:38:56,637 [WARN] PackLoader:242 - Cannot read IP mode file for STMicroelectronics.FP-SNS-SMARTAG2.1.2.0
2024-11-07 16:38:56,645 [INFO] LogOutputStream:76 - [STDOUT_REDIRECT] 1 : Invalid condition id : UX_CORESTACK_Condition cause : null
2024-11-07 16:38:56,645 [INFO] LogOutputStream:76 - [STDOUT_REDIRECT] 1 : Invalid condition id : UX_CORESTACK_Condition cause : null
2024-11-07 16:38:56,647 [INFO] LogOutputStream:76 - [STDOUT_REDIRECT] 1 : Invalid condition id : UX_CORESTACK_Condition cause : null
2024-11-07 16:38:56,649 [INFO] LogOutputStream:76 - [STDOUT_REDIRECT] 1 : Invalid condition id : UX_CORESTACK_Condition cause : null
2024-11-07 16:38:56,650 [INFO] LogOutputStream:76 - [STDOUT_REDIRECT] 1 : Invalid condition id : UX_CORESTACK_Condition cause : null
2024-11-07 16:38:56,653 [WARN] PackLoader:242 - Cannot read IP mode file for STMicroelectronics.X-CUBE-AZRTOS-WL.2.0.0
2024-11-07 16:38:56,658 [WARN] PackLoader:242 - Cannot read IP mode file for STMicroelectronics.FP-SNS-MOTENV1.5.0.0
2024-11-07 16:38:56,662 [WARN] PackLoader:242 - Cannot read IP mode file for wolfSSL.I-CUBE-wolfMQTT.1.19.0
2024-11-07 16:38:56,668 [WARN] PackLoader:242 - Cannot read IP mode file for WES.I-CUBE-Cesium.1.3.0
2024-11-07 16:38:56,672 [WARN] PackLoader:242 - Cannot read IP mode file for STMicroelectronics.X-CUBE-BLE2.3.3.0
2024-11-07 16:38:56,678 [WARN] PackLoader:242 - Cannot read IP mode file for STMicroelectronics.X-CUBE-NFC9.1.0.0
2024-11-07 16:38:56,684 [WARN] PackLoader:242 - Cannot read IP mode file for STMicroelectronics.X-CUBE-TCPP.4.1.0
2024-11-07 16:38:56,698 [WARN] PackLoader:242 - Cannot read IP mode file for STMicroelectronics.X-CUBE-AZRTOS-G0.1.1.0
2024-11-07 16:38:56,723 [WARN] PackLoader:242 - Cannot read IP mode file for STMicroelectronics.X-CUBE-SAFEA1.1.2.2
2024-11-07 16:38:56,729 [WARN] PackLoader:242 - Cannot read IP mode file for STMicroelectronics.X-CUBE-NFC4.3.0.0
2024-11-07 16:38:56,734 [ERROR] Engine:467 - C:\Users\Igor\.stm32cubemx\thirdparties\pdsc\EmbeddedOffice.I-CUBE-FS-RTOS.1.0.1.pdsc: PDSC version is not supported
2024-11-07 16:38:56,737 [ERROR] Engine:467 - C:\Users\Igor\.stm32cubemx\thirdparties\pdsc\RealThread.X-CUBE-RT-Thread_Nano.4.1.1.pdsc: PDSC version is not supported
2024-11-07 16:38:56,741 [WARN] PackLoader:242 - Cannot read IP mode file for wolfSSL.I-CUBE-wolfSSL.5.7.0
2024-11-07 16:38:56,907 [WARN] PackLoader:242 - Cannot read IP mode file for STMicroelectronics.FP-ATR-SIGFOX1.3.2.0
2024-11-07 16:38:56,911 [WARN] PackLoader:242 - Cannot read IP mode file for wolfSSL.I-CUBE-wolfSSL.5.7.2
2024-11-07 16:38:56,970 [WARN] PackLoader:242 - Cannot read IP mode file for STMicroelectronics.X-CUBE-EEPRMA1.5.1.0
2024-11-07 16:38:56,995 [WARN] PackLoader:242 - Cannot read IP mode file for ITTIA_DB.I-CUBE-ITTIADB.8.9.0
2024-11-07 16:38:57,022 [WARN] PackLoader:242 - Cannot read IP mode file for SEGGER.I-CUBE-embOS.1.3.1
2024-11-07 16:38:57,082 [WARN] PackLoader:242 - Cannot read IP mode file for STMicroelectronics.X-CUBE-ALGOBUILD.1.4.0
2024-11-07 16:38:57,086 [WARN] PackLoader:242 - Cannot read IP mode file for STMicroelectronics.X-CUBE-AI.9.1.0
2024-11-07 16:38:57,094 [WARN] PackLoader:242 - Cannot read IP mode file for STMicroelectronics.X-CUBE-GNSS1.6.0.0
2024-11-07 16:38:57,110 [WARN] PackLoader:242 - Cannot read IP mode file for STMicroelectronics.X-CUBE-AZRTOS-F4.1.1.0
2024-11-07 16:38:57,115 [WARN] PackLoader:242 - Cannot read IP mode file for STMicroelectronics.X-CUBE-ISPU.2.1.0
2024-11-07 16:38:57,121 [WARN] PackLoader:242 - Cannot read IP mode file for STMicroelectronics.X-CUBE-FREERTOS.1.2.0
2024-11-07 16:38:57,143 [WARN] PackLoader:242 - Cannot read IP mode file for STMicroelectronics.X-CUBE-AZRTOS-L5.2.0.0
2024-11-07 16:38:57,159 [WARN] PackLoader:242 - Cannot read IP mode file for STMicroelectronics.X-CUBE-NFC6.3.1.0
2024-11-07 16:38:57,163 [ERROR] Engine:467 - C:\Users\Igor\.stm32cubemx\thirdparties\pdsc\STMicroelectronics.X-CUBE-DPower.1.2.0.pdsc: PDSC version is not supported
2024-11-07 16:38:57,165 [WARN] PackLoader:242 - Cannot read IP mode file for STMicroelectronics.X-CUBE-AI.9.0.0
2024-11-07 16:38:57,170 [WARN] PackLoader:242 - Cannot read IP mode file for STMicroelectronics.X-CUBE-NFC7.1.0.1
2024-11-07 16:38:57,174 [WARN] PackLoader:242 - Cannot read IP mode file for wolfSSL.I-CUBE-wolfTPM.3.2.0
2024-11-07 16:38:57,204 [WARN] ConditionMgr:437 - getConditionDescription Invalid condition id : LAN8742 Phy interface Condition cause : null
2024-11-07 16:38:57,205 [WARN] PackLoader:242 - Cannot read IP mode file for STMicroelectronics.X-CUBE-AZRTOS-L4.2.0.0
2024-11-07 16:38:57,206 [WARN] ConditionMgr:1038 - genDependencies : Invalid condition id : LAN8742 Phy interface Condition cause : null
2024-11-07 16:38:57,206 [WARN] ConditionMgr:1038 - genDependencies : Invalid condition id : LAN8742 Phy interface Condition cause : null
2024-11-07 16:38:57,206 [WARN] ConditionMgr:1038 - genDependencies : Invalid condition id : LAN8742 Phy interface Condition cause : null
2024-11-07 16:38:57,212 [WARN] PackLoader:242 - Cannot read IP mode file for STMicroelectronics.X-CUBE-SFXS2LP1.4.0.0
2024-11-07 16:38:57,231 [WARN] PackLoader:242 - Cannot read IP mode file for STMicroelectronics.X-CUBE-AZRTOS-H7.3.3.0
2024-11-07 16:38:57,250 [ERROR] Engine:467 - C:\Users\Igor\.stm32cubemx\thirdparties\pdsc\STMicroelectronics.X-CUBE-IPS.3.0.0.pdsc: PDSC version is not supported
2024-11-07 16:38:57,260 [WARN] ConditionMgr:437 - getConditionDescription Invalid condition id : UX DEVICE CLASS RTOS Condition cause : null
2024-11-07 16:38:57,260 [WARN] ConditionMgr:437 - getConditionDescription Invalid condition id : UX DEVICE CLASS RTOS Condition cause : null
2024-11-07 16:38:57,262 [WARN] PackLoader:242 - Cannot read IP mode file for STMicroelectronics.X-CUBE-AZRTOS-WB.2.0.0
2024-11-07 16:38:57,263 [WARN] ConditionMgr:1038 - genDependencies : Invalid condition id : UX DEVICE CLASS RTOS Condition cause : null
2024-11-07 16:38:57,264 [WARN] ConditionMgr:1038 - genDependencies : Invalid condition id : UX DEVICE CLASS RTOS Condition cause : null
2024-11-07 16:38:57,264 [WARN] ConditionMgr:1038 - genDependencies : Invalid condition id : UX DEVICE CLASS RTOS Condition cause : null
2024-11-07 16:38:57,264 [WARN] ConditionMgr:1038 - genDependencies : Invalid condition id : UX DEVICE CLASS RTOS Condition cause : null
2024-11-07 16:38:57,265 [WARN] ConditionMgr:1038 - genDependencies : Invalid condition id : UX DEVICE CLASS RTOS Condition cause : null
2024-11-07 16:38:57,269 [WARN] PackLoader:242 - Cannot read IP mode file for STMicroelectronics.X-CUBE-GNSS1.7.0.0
2024-11-07 16:38:57,272 [ERROR] Engine:467 - C:\Users\Igor\.stm32cubemx\thirdparties\pdsc\STMicroelectronics.FP-SNS-STBOX1.2.0.0.pdsc: PDSC version is not supported
2024-11-07 16:38:57,279 [WARN] PackLoader:242 - Cannot read IP mode file for STMicroelectronics.X-CUBE-SUBG2.5.0.0
2024-11-07 16:38:57,287 [WARN] PackLoader:242 - Cannot read IP mode file for Cesanta.I-CUBE-Mongoose.7.13.0
2024-11-07 16:38:57,299 [WARN] PackLoader:242 - Cannot read IP mode file for STMicroelectronics.X-CUBE-AZRTOS-G4.2.0.0
2024-11-07 16:38:57,302 [WARN] PackLoader:242 - Cannot read IP mode file for STMicroelectronics.X-CUBE-ISPU.2.0.0
2024-11-07 16:38:57,319 [WARN] PackLoader:242 - Cannot read IP mode file for STMicroelectronics.X-CUBE-ALS.1.0.2
2024-11-07 16:38:57,351 [WARN] PackLoader:242 - Cannot read IP mode file for STMicroelectronics.X-CUBE-MEMS1.10.0.0
2024-11-07 16:38:57,480 [WARN] PackLoader:242 - Cannot read IP mode file for STMicroelectronics.X-CUBE-TOUCHGFX.4.24.0
2024-11-07 16:38:57,501 [WARN] PackLoader:242 - Cannot read IP mode file for STMicroelectronics.X-CUBE-TOUCHGFX.4.24.1
2024-11-07 16:38:57,504 [WARN] PackLoader:242 - Cannot read IP mode file for wolfSSL.I-CUBE-wolfTPM.3.4.0
2024-11-07 16:38:57,508 [WARN] PackLoader:242 - Cannot read IP mode file for portGmbH.I-Cube-SoM-uGOAL.1.1.0
2024-11-07 16:38:57,522 [WARN] PackLoader:242 - Cannot read IP mode file for STMicroelectronics.X-CUBE-AZRTOS-H7RS.1.0.0
2024-11-07 16:38:57,526 [WARN] PackLoader:242 - Cannot read IP mode file for STMicroelectronics.FP-ATR-ASTRA1.2.0.0
2024-11-07 16:38:57,530 [ERROR] Engine:467 - C:\Users\Igor\.stm32cubemx\thirdparties\pdsc\STMicroelectronics.X-CUBE-TOF1.3.4.2.pdsc: PDSC version is not supported
2024-11-07 16:38:57,534 [ERROR] Engine:467 - C:\Users\Igor\.stm32cubemx\thirdparties\pdsc\Infineon.AIROC-Wi-Fi-Bluetooth-STM32.1.6.1.pdsc: PDSC version is not supported
2024-11-07 16:38:57,541 [WARN] PackLoader:242 - Cannot read IP mode file for STMicroelectronics.X-CUBE-TOF1.3.4.1
2024-11-07 16:38:57,563 [WARN] PackLoader:242 - Cannot read IP mode file for STMicroelectronics.X-CUBE-AZRTOS-H7.3.2.0
2024-11-07 16:38:57,578 [WARN] PackLoader:242 - Cannot read IP mode file for Infineon.AIROC-Wi-Fi-Bluetooth-STM32.1.6.0
2024-11-07 16:38:57,603 [WARN] PackLoader:242 - Cannot read IP mode file for wolfSSL.I-CUBE-wolfSSH.1.4.17
2024-11-07 16:38:57,604 [INFO] ThirdParty:947 - Integrity check success = true
2024-11-07 16:38:57,604 [INFO] IntegrityCheckThread:98 - exiting critical section [integrity check]
2024-11-07 16:38:57,604 [INFO] IntegrityCheckThread:101 - End integrity checks thread
2024-11-07 16:38:58,411 [INFO] ApiDb:239 - Found 143 in-development CPN: [B-WB1M-WPAN1, B-WL5M-SUBG1, NUCLEO-C031C6, STEVAL-PROTEUS1, STEVAL-STWINBX1, STM320518-EVAL, STM32C0116-DK, STM32C011D6Y3TR, STM32C011D6Y6TR, STM32C011F4P3, STM32C011F4P6, STM32C011F4U3, STM32C011F4U6TR, STM32C011F6P3, STM32C011F6P6, STM32C011F6U3, STM32C011F6U6TR, STM32C011J4M3, STM32C011J4M6, STM32C011J6M3, STM32C011J6M6, STM32C0316-DK, STM32C031C4T3, STM32C031C4T6, STM32C031C4U3, STM32C031C4U6, STM32C031C6T3, STM32C031C6T6, STM32C031C6U3, STM32C031C6U6, STM32C031F4P3, STM32C031F4P6, STM32C031F6P3, STM32C031F6P6, STM32C031G4U3, STM32C031G4U6, STM32C031G6U3, STM32C031G6U6, STM32C031K4T3, STM32C031K4T6, STM32C031K4U3, STM32C031K4U6, STM32C031K6T3, STM32C031K6T6, STM32C031K6U3, STM32C031K6U6, STM32G071K8TXN, STM32G071K8UXN, STM32G081GBU6N, STM32G081KBT6N, STM32G081KBUXN, STM32G0B1CCT6N, STM32G0B1KCT6, STM32G0B1NEY6TR, STM32G0B1RCT6N, STM32G0C1CCT6, STM32G0C1CCT6N, STM32G0C1CCU6N, STM32G0C1CET6N, STM32G0C1CEU6N, STM32G0C1KCT6, STM32G0C1NEY6TR, STM32G0C1RCI6N, STM32G0C1RCT6N, STM32G0C1REI6N, STM32G0C1RET6N, STM32G0C1VCI6, STM32G0C1VEI6, STM32G471CCT6, STM32G471CCU6, STM32G471CET3, STM32G471CET6, STM32G471CEU3, STM32G471CEU6, STM32G471MCT6, STM32G471MET3, STM32G471MET6, STM32G471MEY6TR, STM32G471QCT6, STM32G471QET3, STM32G471RCT6, STM32G471RET3, STM32G471RET6, STM32G471VCH6, STM32G471VCI6, STM32G471VCT6, STM32G471VEH3, STM32G471VEH6, STM32G471VEI3, STM32G471VEI6, STM32G471VET3, STM32G471VET6, STM32G474CCT6, STM32L476VGY6PTR, STM32L4R5QGI6STR, STM32MP131AAE3, STM32MP131AAF3, STM32MP131AAG3, STM32MP131CAE3, STM32MP131CAF3, STM32MP131CAG3, STM32MP131DAE7, STM32MP131DAF7, STM32MP131DAG7, STM32MP131FAE7, STM32MP131FAF7, STM32MP131FAG7, STM32MP133AAE3, STM32MP133AAF3, STM32MP133AAG3, STM32MP133CAE3, STM32MP133CAF3, STM32MP133CAG3, STM32MP133DAE7, STM32MP133DAF7, STM32MP133DAG7, STM32MP133FAE7, STM32MP133FAF7, STM32MP133FAG7, STM32MP135AAE3, STM32MP135AAF3, STM32MP135AAG3, STM32MP135CAE3, STM32MP135CAF3, STM32MP135CAG3, STM32MP135DAE7, STM32MP135DAF7, STM32MP135DAG7, STM32MP135F-DK, STM32MP135FAE7, STM32MP135FAF7, STM32MP135FAF7T, STM32MP135FAF7U, STM32MP135FAG7, STM32U595ZJT6Q, STM32U599BJY6QTR, STM32U599NIH6Q, STM32U599NJH6Q, STM32U5A5ZJT6Q, STM32U5A9BJY6QTR, STM32U5A9NJH6Q, STM32WB1MMCH6, STM32WL5MOCH6TR]
2024-11-07 16:38:58,416 [INFO] DbMcus:215 - Found 4178 MCUs, 4178 are supported
2024-11-07 16:38:58,419 [INFO] ApiDb:422 - Load user favorites file C:\Users\Igor/.stm32cubeide/favorites.mcus.txt: 0 item(s)
2024-11-07 16:38:58,420 [INFO] ApiDb:426 - User favorites MCUs=[]
2024-11-07 16:38:58,420 [INFO] DbMcus:221 - Set 0 / 0 favorites MCUs
2024-11-07 16:38:58,749 [INFO] McuFinderGlobals:65 - Set McuFinderConnectedMode to true
2024-11-07 16:38:58,755 [INFO] MultiScanPanel:196 - Auto-refresh data requested => check proxy status ongoing
2024-11-07 16:38:58,757 [INFO] FinderPluginLoader:92 - Searching for filters in installed packs
2024-11-07 16:39:00,190 [INFO] LoadUrlFilesThread:179 - End of LoadServerUrlFiles without Thread
2024-11-07 16:39:00,247 [INFO] DetailPanel:339 - Set advertising image to C:/Users/Igor/STM32Cube/Repository/\en.prom-stm32c071-usb-memories-mcu-finder.png
2024-11-07 16:39:01,329 [INFO] ApiDb:667 - CubeFinder database Data Model version=2.1
2024-11-07 16:39:01,329 [INFO] ApiDb:668 - CubeFinder database Configuration version=3.0.39
2024-11-07 16:39:01,329 [INFO] ApiDb:669 - CubeFinder database generation date=2024-10-15 (1729006872)
2024-11-07 16:39:01,329 [INFO] ApiDb:670 - CubeFinder database FW Pack versions=[FP-ATR-ASTRA1_V2.0.0, FP-SNS-FLIGHT1_V5.0.2, FP-SNS-MOTENV1_V5.0.0, FP-SNS-MOTENVWB1_V1.4.0, FP-SNS-SMARTAG2_V1.2.0, FP-SNS-STBOX1_V2.0.0, STM32Cube_FW_C0_V1.2.0, STM32Cube_FW_F4_V1.28.1, STM32Cube_FW_F7_V1.17.2, STM32Cube_FW_G0_V1.6.2, STM32Cube_FW_G4_V1.6.0, STM32Cube_FW_H5_V1.3.0, STM32Cube_FW_H7RS_V1.1.0, STM32Cube_FW_H7_V1.11.2, STM32Cube_FW_L0_V1.12.2, STM32Cube_FW_L5_V1.5.1, STM32Cube_FW_U0_V1.1.0, STM32Cube_FW_U5_V1.6.0, STM32Cube_FW_WB0_V1.0.0, STM32Cube_FW_WBA_V1.4.1, STM32Cube_FW_WB_V1.20.0, STM32Cube_FW_WL_V1.3.0, X-CUBE-ALGOBUILD_V1.4.0, X-CUBE-ALS_V1.0.2, X-CUBE-AZRTOS-F4_V1.1.0, X-CUBE-AZRTOS-F7_V1.1.0, X-CUBE-AZRTOS-G0_V1.1.0, X-CUBE-AZRTOS-G4_V2.0.0, X-CUBE-AZRTOS-H7RS_V1.0.0, X-CUBE-AZRTOS-H7_V3.3.0, X-CUBE-AZRTOS-L4_V2.0.0, X-CUBE-AZRTOS-L5_V2.0.0, X-CUBE-AZRTOS-WB_V2.0.0, X-CUBE-AZRTOS-WL_V2.0.0, X-CUBE-BLE1_V7.0.0, X-CUBE-BLE2_V3.3.0, X-CUBE-BLEMGR_V3.1.0, X-CUBE-EEPRMA1_V5.1.0, X-CUBE-FREERTOS_V1.2.0, X-CUBE-GNSS1_V6.0.0, X-CUBE-MEMS1_V11.0.0, X-CUBE-NFC4_V3.0.0, X-CUBE-NFC7_V1.0.1, X-CUBE-SFXS2LP1_V4.0.0, X-CUBE-SUBG2_V5.0.0, X-CUBE-TOF1_V3.4.2]
2024-11-07 16:39:01,399 [INFO] DbBoardsSqlite:225 - include board P-NUCLEO-WB55-NUCLEO as a kit item of type 'Nucleo-64'
2024-11-07 16:39:01,399 [INFO] DbBoardsSqlite:225 - include board P-NUCLEO-WB55-USBDONGLE as a kit item of type 'Nucleo USB Dongle'
2024-11-07 16:39:01,400 [INFO] DbBoardsSqlite:225 - include board STEVAL-IDP005V1 as a kit item of type 'Evaluation Board'
2024-11-07 16:39:01,400 [INFO] DbBoardsSqlite:225 - include board STEVAL-IDP005V2 as a kit item of type 'Evaluation Board'
2024-11-07 16:39:01,472 [INFO] ApiDb:239 - Found 143 in-development CPN: [B-WB1M-WPAN1, B-WL5M-SUBG1, NUCLEO-C031C6, STEVAL-PROTEUS1, STEVAL-STWINBX1, STM320518-EVAL, STM32C0116-DK, STM32C011D6Y3TR, STM32C011D6Y6TR, STM32C011F4P3, STM32C011F4P6, STM32C011F4U3, STM32C011F4U6TR, STM32C011F6P3, STM32C011F6P6, STM32C011F6U3, STM32C011F6U6TR, STM32C011J4M3, STM32C011J4M6, STM32C011J6M3, STM32C011J6M6, STM32C0316-DK, STM32C031C4T3, STM32C031C4T6, STM32C031C4U3, STM32C031C4U6, STM32C031C6T3, STM32C031C6T6, STM32C031C6U3, STM32C031C6U6, STM32C031F4P3, STM32C031F4P6, STM32C031F6P3, STM32C031F6P6, STM32C031G4U3, STM32C031G4U6, STM32C031G6U3, STM32C031G6U6, STM32C031K4T3, STM32C031K4T6, STM32C031K4U3, STM32C031K4U6, STM32C031K6T3, STM32C031K6T6, STM32C031K6U3, STM32C031K6U6, STM32G071K8TXN, STM32G071K8UXN, STM32G081GBU6N, STM32G081KBT6N, STM32G081KBUXN, STM32G0B1CCT6N, STM32G0B1KCT6, STM32G0B1NEY6TR, STM32G0B1RCT6N, STM32G0C1CCT6, STM32G0C1CCT6N, STM32G0C1CCU6N, STM32G0C1CET6N, STM32G0C1CEU6N, STM32G0C1KCT6, STM32G0C1NEY6TR, STM32G0C1RCI6N, STM32G0C1RCT6N, STM32G0C1REI6N, STM32G0C1RET6N, STM32G0C1VCI6, STM32G0C1VEI6, STM32G471CCT6, STM32G471CCU6, STM32G471CET3, STM32G471CET6, STM32G471CEU3, STM32G471CEU6, STM32G471MCT6, STM32G471MET3, STM32G471MET6, STM32G471MEY6TR, STM32G471QCT6, STM32G471QET3, STM32G471RCT6, STM32G471RET3, STM32G471RET6, STM32G471VCH6, STM32G471VCI6, STM32G471VCT6, STM32G471VEH3, STM32G471VEH6, STM32G471VEI3, STM32G471VEI6, STM32G471VET3, STM32G471VET6, STM32G474CCT6, STM32L476VGY6PTR, STM32L4R5QGI6STR, STM32MP131AAE3, STM32MP131AAF3, STM32MP131AAG3, STM32MP131CAE3, STM32MP131CAF3, STM32MP131CAG3, STM32MP131DAE7, STM32MP131DAF7, STM32MP131DAG7, STM32MP131FAE7, STM32MP131FAF7, STM32MP131FAG7, STM32MP133AAE3, STM32MP133AAF3, STM32MP133AAG3, STM32MP133CAE3, STM32MP133CAF3, STM32MP133CAG3, STM32MP133DAE7, STM32MP133DAF7, STM32MP133DAG7, STM32MP133FAE7, STM32MP133FAF7, STM32MP133FAG7, STM32MP135AAE3, STM32MP135AAF3, STM32MP135AAG3, STM32MP135CAE3, STM32MP135CAF3, STM32MP135CAG3, STM32MP135DAE7, STM32MP135DAF7, STM32MP135DAG7, STM32MP135F-DK, STM32MP135FAE7, STM32MP135FAF7, STM32MP135FAF7T, STM32MP135FAF7U, STM32MP135FAG7, STM32U595ZJT6Q, STM32U599BJY6QTR, STM32U599NIH6Q, STM32U599NJH6Q, STM32U5A5ZJT6Q, STM32U5A9BJY6QTR, STM32U5A9NJH6Q, STM32WB1MMCH6, STM32WL5MOCH6TR]
2024-11-07 16:39:01,475 [INFO] BoardInfo:879 - No configuration file found for board B-G473E-ZEST1S
2024-11-07 16:39:01,476 [INFO] DbBoards:156 - Board is not supported: B-G473E-ZEST1S
2024-11-07 16:39:01,496 [INFO] BoardInfo:879 - No configuration file found for board NUCLEO-C071RB
2024-11-07 16:39:01,497 [INFO] DbBoards:156 - Board is not supported: NUCLEO-C071RB
2024-11-07 16:39:01,579 [INFO] BoardInfo:879 - No configuration file found for board NUCLEO-H503RB
2024-11-07 16:39:01,579 [INFO] DbBoards:156 - Board is not supported: NUCLEO-H503RB
2024-11-07 16:39:01,581 [INFO] BoardInfo:879 - No configuration file found for board NUCLEO-H533RE
2024-11-07 16:39:01,581 [INFO] DbBoards:156 - Board is not supported: NUCLEO-H533RE
2024-11-07 16:39:01,583 [INFO] BoardInfo:879 - No configuration file found for board NUCLEO-H563ZI
2024-11-07 16:39:01,584 [INFO] DbBoards:156 - Board is not supported: NUCLEO-H563ZI
2024-11-07 16:39:01,594 [INFO] BoardInfo:879 - No configuration file found for board NUCLEO-H7S3L8
2024-11-07 16:39:01,595 [INFO] DbBoards:156 - Board is not supported: NUCLEO-H7S3L8
2024-11-07 16:39:01,625 [INFO] BoardInfo:879 - No configuration file found for board NUCLEO-U031R8
2024-11-07 16:39:01,625 [INFO] DbBoards:156 - Board is not supported: NUCLEO-U031R8
2024-11-07 16:39:01,626 [INFO] BoardInfo:879 - No configuration file found for board NUCLEO-U083RC
2024-11-07 16:39:01,627 [INFO] DbBoards:156 - Board is not supported: NUCLEO-U083RC
2024-11-07 16:39:01,628 [INFO] BoardInfo:879 - No configuration file found for board NUCLEO-U545RE-Q
2024-11-07 16:39:01,628 [INFO] DbBoards:156 - Board is not supported: NUCLEO-U545RE-Q
2024-11-07 16:39:01,632 [INFO] BoardInfo:879 - No configuration file found for board NUCLEO-U5A5ZJ-Q
2024-11-07 16:39:01,633 [INFO] DbBoards:156 - Board is not supported: NUCLEO-U5A5ZJ-Q
2024-11-07 16:39:01,634 [INFO] BoardInfo:879 - No configuration file found for board NUCLEO-WB05KZ
2024-11-07 16:39:01,634 [INFO] DbBoards:156 - Board is not supported: NUCLEO-WB05KZ
2024-11-07 16:39:01,636 [INFO] BoardInfo:879 - No configuration file found for board NUCLEO-WB07CC
2024-11-07 16:39:01,636 [INFO] DbBoards:156 - Board is not supported: NUCLEO-WB07CC
2024-11-07 16:39:01,637 [INFO] BoardInfo:879 - No configuration file found for board NUCLEO-WB09KE
2024-11-07 16:39:01,638 [INFO] DbBoards:156 - Board is not supported: NUCLEO-WB09KE
2024-11-07 16:39:01,641 [INFO] BoardInfo:879 - No configuration file found for board NUCLEO-WBA52CG
2024-11-07 16:39:01,642 [INFO] DbBoards:156 - Board is not supported: NUCLEO-WBA52CG
2024-11-07 16:39:01,643 [INFO] BoardInfo:879 - No configuration file found for board NUCLEO-WBA55CG
2024-11-07 16:39:01,643 [INFO] DbBoards:156 - Board is not supported: NUCLEO-WBA55CG
2024-11-07 16:39:01,650 [INFO] BoardInfo:879 - No configuration file found for board P-NUCLEO-WB55
2024-11-07 16:39:01,650 [INFO] DbBoards:156 - Kit is not supported: P-NUCLEO-WB55
2024-11-07 16:39:01,655 [INFO] BoardInfo:879 - No configuration file found for board STEVAL-BFA001V1B
2024-11-07 16:39:01,655 [INFO] DbBoards:156 - Kit is not supported: STEVAL-BFA001V1B
2024-11-07 16:39:01,657 [INFO] BoardInfo:879 - No configuration file found for board STEVAL-BFA001V2B
2024-11-07 16:39:01,657 [INFO] DbBoards:156 - Kit is not supported: STEVAL-BFA001V2B
2024-11-07 16:39:01,661 [INFO] BoardInfo:879 - No configuration file found for board STEVAL-MKBOXPRO
2024-11-07 16:39:01,661 [INFO] DbBoards:156 - Board is not supported: STEVAL-MKBOXPRO
2024-11-07 16:39:01,665 [INFO] BoardInfo:879 - No configuration file found for board STEVAL-SMARTAG2
2024-11-07 16:39:01,665 [INFO] DbBoards:156 - Board is not supported: STEVAL-SMARTAG2
2024-11-07 16:39:01,749 [INFO] BoardInfo:879 - No configuration file found for board STM32H573I-DK
2024-11-07 16:39:01,749 [INFO] DbBoards:156 - Board is not supported: STM32H573I-DK
2024-11-07 16:39:01,770 [INFO] BoardInfo:879 - No configuration file found for board STM32H7S78-DK
2024-11-07 16:39:01,771 [INFO] DbBoards:156 - Board is not supported: STM32H7S78-DK
2024-11-07 16:39:01,800 [INFO] BoardInfo:879 - No configuration file found for board STM32MP257F-DK
2024-11-07 16:39:01,800 [INFO] DbBoards:156 - Board is not supported: STM32MP257F-DK
2024-11-07 16:39:01,802 [INFO] BoardInfo:879 - No configuration file found for board STM32MP257F-EV1
2024-11-07 16:39:01,802 [INFO] DbBoards:156 - Board is not supported: STM32MP257F-EV1
2024-11-07 16:39:01,803 [INFO] BoardInfo:879 - No configuration file found for board STM32U083C-DK
2024-11-07 16:39:01,804 [INFO] DbBoards:156 - Board is not supported: STM32U083C-DK
2024-11-07 16:39:01,809 [INFO] BoardInfo:879 - No configuration file found for board STM32U5A9J-DK
2024-11-07 16:39:01,809 [INFO] DbBoards:156 - Board is not supported: STM32U5A9J-DK
2024-11-07 16:39:01,810 [INFO] BoardInfo:879 - No configuration file found for board STM32U5G9J-DK1
2024-11-07 16:39:01,811 [INFO] DbBoards:156 - Board is not supported: STM32U5G9J-DK1
2024-11-07 16:39:01,812 [INFO] BoardInfo:879 - No configuration file found for board STM32U5G9J-DK2
2024-11-07 16:39:01,812 [INFO] DbBoards:156 - Board is not supported: STM32U5G9J-DK2
2024-11-07 16:39:01,817 [INFO] BoardInfo:879 - No configuration file found for board STM32WBA55G-DK1
2024-11-07 16:39:01,817 [INFO] DbBoards:156 - Board is not supported: STM32WBA55G-DK1
2024-11-07 16:39:01,817 [INFO] DbBoards:160 - Found 201 boards, 172 are supported
2024-11-07 16:39:01,823 [INFO] ApiDb:422 - Load user favorites file C:\Users\Igor/.stm32cubeide/favorites.boards.txt: 0 item(s)
2024-11-07 16:39:01,823 [INFO] ApiDb:426 - User favorites Boards=[]
2024-11-07 16:39:01,824 [INFO] DbBoards:189 - Set 0 / 0 favorites Boards
2024-11-07 16:39:27,629 [INFO] MainUpdater:2800 - connection check result : 10
2024-11-07 16:39:27,630 [INFO] MainUpdater:2800 - connection check result : 10
2024-11-07 16:39:27,662 [INFO] MicroXplorer:451 - Change Database Path : 
2024-11-07 16:39:27,662 [INFO] MicroXplorer:481 - Change Database Version : DB.6.0.70
2024-11-07 16:39:27,666 [WARN] ThirdParty:845 - waiting for thirdparty lock release [close project]
2024-11-07 16:39:27,666 [INFO] ThirdParty:847 - entering critical section [close project]
2024-11-07 16:39:27,667 [INFO] ThirdParty:857 - exiting critical section [close project]
2024-11-07 16:39:27,673 [INFO] PinOutPanel:1477 - setPackage(No Configuration,No Configuration)
2024-11-07 16:39:27,703 [INFO] UtilMem:74 - Begin LoadConfig() Used Memory: 261959768 Bytes (515899392)
2024-11-07 16:39:27,705 [INFO] MicroXplorer:451 - Change Database Path : 
2024-11-07 16:39:27,705 [INFO] MicroXplorer:481 - Change Database Version : DB.6.0.70
2024-11-07 16:39:27,705 [INFO] OpenFileManager:307 - Change cursor
2024-11-07 16:39:27,762 [INFO] Mcu:1925 - Initializing MCU STM32F411R(C-E)Tx STM32F411RETx STM32F411RET6
2024-11-07 16:39:29,464 [INFO] Context:654 - Trying to add GPIOservice into a context  which must be forbidden
2024-11-07 16:39:30,117 [INFO] RtosManager:489 - Registered RTOS mode: class=CMSIS, group=RTOS, mode=CMSIS_V1, owner=FREERTOS
2024-11-07 16:39:30,117 [INFO] RtosManager:489 - Registered RTOS mode: class=CMSIS, group=RTOS2, mode=CMSIS_V2, owner=FREERTOS
2024-11-07 16:39:30,117 [INFO] RtosManager:489 - Registered RTOS mode: class=RTOS, group=Core, mode=CMSIS_V1, owner=FREERTOS
2024-11-07 16:39:30,117 [INFO] RtosManager:489 - Registered RTOS mode: class=RTOS, group=Core, mode=CMSIS_V2, owner=FREERTOS
2024-11-07 16:39:30,117 [WARN] ModelIntegratedComponent:185 - Missing modes for component STMicroelectronics:FreeRTOS:0.0.1:STMicroelectronics:RTOS:FreeRTOS:Core:::10.2.0:
2024-11-07 16:39:30,127 [WARN] ModelIntegratedComponent:183 - Modes not found for component STMicroelectronics:USB_HOST:1.0.0:STMicroelectronics:USB::USB Host:Audio HS::1.0:USB_HOST_1_0_RESTRICTED_HS
2024-11-07 16:39:30,127 [WARN] ModelIntegratedComponent:189 - Modes not found for component STMicroelectronics:USB_HOST:1.0.0:STMicroelectronics:USB::USB Host:Audio HS::1.0:USB_HOST_1_0_RESTRICTED_HS
2024-11-07 16:39:30,127 [WARN] ModelIntegratedComponent:183 - Modes not found for component STMicroelectronics:USB_HOST:1.0.0:STMicroelectronics:USB::USB Host:CDC HS::1.0:USB_HOST_1_0_RESTRICTED_HS
2024-11-07 16:39:30,127 [WARN] ModelIntegratedComponent:189 - Modes not found for component STMicroelectronics:USB_HOST:1.0.0:STMicroelectronics:USB::USB Host:CDC HS::1.0:USB_HOST_1_0_RESTRICTED_HS
2024-11-07 16:39:30,127 [WARN] ModelIntegratedComponent:183 - Modes not found for component STMicroelectronics:USB_HOST:1.0.0:STMicroelectronics:USB::USB Host:MSC HS::1.0:USB_HOST_1_0_RESTRICTED_HS
2024-11-07 16:39:30,127 [WARN] ModelIntegratedComponent:189 - Modes not found for component STMicroelectronics:USB_HOST:1.0.0:STMicroelectronics:USB::USB Host:MSC HS::1.0:USB_HOST_1_0_RESTRICTED_HS
2024-11-07 16:39:30,127 [WARN] ModelIntegratedComponent:183 - Modes not found for component STMicroelectronics:USB_HOST:1.0.0:STMicroelectronics:USB::USB Host:HID HS::1.0:USB_HOST_1_0_RESTRICTED_HS
2024-11-07 16:39:30,128 [WARN] ModelIntegratedComponent:189 - Modes not found for component STMicroelectronics:USB_HOST:1.0.0:STMicroelectronics:USB::USB Host:HID HS::1.0:USB_HOST_1_0_RESTRICTED_HS
2024-11-07 16:39:30,128 [WARN] ModelIntegratedComponent:183 - Modes not found for component STMicroelectronics:USB_HOST:1.0.0:STMicroelectronics:USB::USB Host:MTP HS::1.0:USB_HOST_1_0_RESTRICTED_HS
2024-11-07 16:39:30,128 [WARN] ModelIntegratedComponent:189 - Modes not found for component STMicroelectronics:USB_HOST:1.0.0:STMicroelectronics:USB::USB Host:MTP HS::1.0:USB_HOST_1_0_RESTRICTED_HS
2024-11-07 16:39:30,136 [WARN] ModelIntegratedComponent:64 - No mode defined for component null
2024-11-07 16:39:30,136 [WARN] ModelIntegratedComponent:64 - No mode defined for component null
2024-11-07 16:39:30,136 [WARN] ModelIntegratedComponent:64 - No mode defined for component null
2024-11-07 16:39:30,136 [WARN] ModelIntegratedComponent:64 - No mode defined for component null
2024-11-07 16:39:30,136 [WARN] ModelIntegratedComponent:64 - No mode defined for component null
2024-11-07 16:39:30,136 [WARN] ModelIntegratedComponent:64 - No mode defined for component null
2024-11-07 16:39:30,136 [WARN] ModelIntegratedComponent:64 - No mode defined for component null
2024-11-07 16:39:30,136 [WARN] ModelIntegratedComponent:64 - No mode defined for component null
2024-11-07 16:39:30,137 [WARN] ModelIntegratedComponent:64 - No mode defined for component null
2024-11-07 16:39:30,137 [WARN] ModelIntegratedComponent:64 - No mode defined for component null
2024-11-07 16:39:30,137 [WARN] ModelIntegratedComponent:64 - No mode defined for component null
2024-11-07 16:39:30,137 [WARN] ModelIntegratedComponent:64 - No mode defined for component null
2024-11-07 16:39:30,137 [WARN] ModelIntegratedComponent:64 - No mode defined for component null
2024-11-07 16:39:30,137 [WARN] ModelIntegratedComponent:64 - No mode defined for component null
2024-11-07 16:39:30,137 [WARN] ModelIntegratedComponent:64 - No mode defined for component null
2024-11-07 16:39:30,137 [WARN] ModelIntegratedComponent:64 - No mode defined for component null
2024-11-07 16:39:30,137 [WARN] ModelIntegratedComponent:64 - No mode defined for component null
2024-11-07 16:39:30,137 [WARN] ModelIntegratedComponent:64 - No mode defined for component null
2024-11-07 16:39:30,137 [WARN] ModelIntegratedComponent:64 - No mode defined for component null
2024-11-07 16:39:30,137 [WARN] ModelIntegratedComponent:64 - No mode defined for component null
2024-11-07 16:39:30,137 [WARN] ModelIntegratedComponent:64 - No mode defined for component null
2024-11-07 16:39:30,138 [WARN] ModelIntegratedComponent:64 - No mode defined for component null
2024-11-07 16:39:30,138 [WARN] ModelIntegratedComponent:64 - No mode defined for component null
2024-11-07 16:39:30,138 [WARN] ModelIntegratedComponent:64 - No mode defined for component null
2024-11-07 16:39:30,138 [WARN] ModelIntegratedComponent:64 - No mode defined for component null
2024-11-07 16:39:30,138 [WARN] ModelIntegratedComponent:64 - No mode defined for component null
2024-11-07 16:39:30,138 [WARN] ModelIntegratedComponent:64 - No mode defined for component null
2024-11-07 16:39:30,138 [WARN] ModelIntegratedComponent:64 - No mode defined for component null
2024-11-07 16:39:30,138 [WARN] ModelIntegratedComponent:64 - No mode defined for component null
2024-11-07 16:39:30,138 [WARN] ModelIntegratedComponent:64 - No mode defined for component null
2024-11-07 16:39:30,138 [WARN] ModelIntegratedComponent:64 - No mode defined for component null
2024-11-07 16:39:30,138 [WARN] ModelIntegratedComponent:64 - No mode defined for component null
2024-11-07 16:39:30,139 [WARN] ModelIntegratedComponent:64 - No mode defined for component null
2024-11-07 16:39:30,294 [WARN] ModelIntegratedComponent:183 - Modes not found for component STMicroelectronics:USB_DEVICE:1.0.0:STMicroelectronics:USB::USB Device:Audio HS::1.0:USB_DEVICE_1_0_RESTRICTED_HS
2024-11-07 16:39:30,294 [WARN] ModelIntegratedComponent:189 - Modes not found for component STMicroelectronics:USB_DEVICE:1.0.0:STMicroelectronics:USB::USB Device:Audio HS::1.0:USB_DEVICE_1_0_RESTRICTED_HS
2024-11-07 16:39:30,294 [WARN] ModelIntegratedComponent:183 - Modes not found for component STMicroelectronics:USB_DEVICE:1.0.0:STMicroelectronics:USB::USB Device:CDC HS::1.0:USB_DEVICE_1_0_RESTRICTED_HS
2024-11-07 16:39:30,294 [WARN] ModelIntegratedComponent:189 - Modes not found for component STMicroelectronics:USB_DEVICE:1.0.0:STMicroelectronics:USB::USB Device:CDC HS::1.0:USB_DEVICE_1_0_RESTRICTED_HS
2024-11-07 16:39:30,294 [WARN] ModelIntegratedComponent:183 - Modes not found for component STMicroelectronics:USB_DEVICE:1.0.0:STMicroelectronics:USB::USB Device:DFU HS::1.0:USB_DEVICE_1_0_RESTRICTED_HS
2024-11-07 16:39:30,294 [WARN] ModelIntegratedComponent:189 - Modes not found for component STMicroelectronics:USB_DEVICE:1.0.0:STMicroelectronics:USB::USB Device:DFU HS::1.0:USB_DEVICE_1_0_RESTRICTED_HS
2024-11-07 16:39:30,294 [WARN] ModelIntegratedComponent:183 - Modes not found for component STMicroelectronics:USB_DEVICE:1.0.0:STMicroelectronics:USB::USB Device:HID HS::1.0:USB_DEVICE_1_0_RESTRICTED_HS
2024-11-07 16:39:30,294 [WARN] ModelIntegratedComponent:189 - Modes not found for component STMicroelectronics:USB_DEVICE:1.0.0:STMicroelectronics:USB::USB Device:HID HS::1.0:USB_DEVICE_1_0_RESTRICTED_HS
2024-11-07 16:39:30,294 [WARN] ModelIntegratedComponent:183 - Modes not found for component STMicroelectronics:USB_DEVICE:1.0.0:STMicroelectronics:USB::USB Device:Custom HID HS::1.0:USB_DEVICE_1_0_RESTRICTED_HS
2024-11-07 16:39:30,295 [WARN] ModelIntegratedComponent:189 - Modes not found for component STMicroelectronics:USB_DEVICE:1.0.0:STMicroelectronics:USB::USB Device:Custom HID HS::1.0:USB_DEVICE_1_0_RESTRICTED_HS
2024-11-07 16:39:30,295 [WARN] ModelIntegratedComponent:183 - Modes not found for component STMicroelectronics:USB_DEVICE:1.0.0:STMicroelectronics:USB::USB Device:MSC HS::1.0:USB_DEVICE_1_0_RESTRICTED_HS
2024-11-07 16:39:30,295 [WARN] ModelIntegratedComponent:189 - Modes not found for component STMicroelectronics:USB_DEVICE:1.0.0:STMicroelectronics:USB::USB Device:MSC HS::1.0:USB_DEVICE_1_0_RESTRICTED_HS
2024-11-07 16:39:30,324 [INFO] ThirdPartyModel:294 - Start build external matchings
2024-11-07 16:39:31,140 [INFO] ThirdPartyModel:310 - End build external matchings
2024-11-07 16:39:31,160 [INFO] ImportTextPane:193 - (OptionalMessage_ERROR) IP (RCC) : Parameter (48MHZClocksFreq_Value) has invalid value (50000000)
2024-11-07 16:39:31,162 [INFO] ImportTextPane:193 - (OptionalMessage_ERROR) IP (RCC) : Parameter (RTCHSEDivFreq_Value) has invalid value (12500000)
2024-11-07 16:39:31,519 [INFO] UtilMem:74 - End LoadConfig() Used Memory: 357151800 Bytes (515899392)
2024-11-07 16:39:31,679 [WARN] ThirdParty:807 - waiting for thirdparty lock release [change project]
2024-11-07 16:39:31,679 [INFO] ThirdParty:809 - entering critical section [change project]
2024-11-07 16:39:31,679 [INFO] ThirdParty:999 - CMSIS Pack Vendor :STMicroelectronics X-CUBE-AZRTOS-H7 3.3.0
2024-11-07 16:39:31,679 [INFO] ThirdParty:999 - CMSIS Pack Vendor :STMicroelectronics X-CUBE-NFC9 1.0.0
2024-11-07 16:39:31,679 [INFO] ThirdParty:999 - CMSIS Pack Vendor :STMicroelectronics X-CUBE-GNSS1 6.0.0
2024-11-07 16:39:31,679 [INFO] ThirdParty:999 - CMSIS Pack Vendor :STMicroelectronics USB_HOST 2.0.0
2024-11-07 16:39:31,679 [INFO] ThirdParty:999 - CMSIS Pack Vendor :STMicroelectronics FP-SNS-MOTENVWB1 1.4.0
2024-11-07 16:39:31,679 [INFO] ThirdParty:999 - CMSIS Pack Vendor :STMicroelectronics X-CUBE-AZRTOS-F4 1.1.0
2024-11-07 16:39:31,679 [INFO] ThirdParty:999 - CMSIS Pack Vendor :STMicroelectronics LIBJPEG 8.0.0
2024-11-07 16:39:31,679 [INFO] ThirdParty:999 - CMSIS Pack Vendor :STMicroelectronics X-CUBE-SMBUS 2.1.0
2024-11-07 16:39:31,679 [INFO] ThirdParty:999 - CMSIS Pack Vendor :STMicroelectronics X-CUBE-WB05N 1.1.0
2024-11-07 16:39:31,679 [INFO] ThirdParty:999 - CMSIS Pack Vendor :STMicroelectronics USB_DEVICE 3.0.0
2024-11-07 16:39:31,680 [INFO] ThirdParty:999 - CMSIS Pack Vendor :STMicroelectronics X-CUBE-TCPP 4.1.0
2024-11-07 16:39:31,680 [INFO] ThirdParty:999 - CMSIS Pack Vendor :STMicroelectronics X-CUBE-ISPU 2.1.0
2024-11-07 16:39:31,680 [INFO] ThirdParty:999 - CMSIS Pack Vendor :STMicroelectronics X-CUBE-FREERTOS 1.2.0
2024-11-07 16:39:31,680 [INFO] ThirdParty:999 - CMSIS Pack Vendor :STMicroelectronics X-CUBE-AZRTOS-WB 2.0.0
2024-11-07 16:39:31,680 [INFO] ThirdParty:999 - CMSIS Pack Vendor :STMicroelectronics X-CUBE-GNSS1 7.0.0
2024-11-07 16:39:31,680 [INFO] ThirdParty:999 - CMSIS Pack Vendor :STMicroelectronics X-CUBE-TOUCHGFX 4.23.2
2024-11-07 16:39:31,680 [INFO] ThirdParty:999 - CMSIS Pack Vendor :STMicroelectronics X-CUBE-AZRTOS-F7 1.1.0
2024-11-07 16:39:31,680 [INFO] ThirdParty:999 - CMSIS Pack Vendor :STMicroelectronics X-CUBE-AZRTOS-L5 2.0.0
2024-11-07 16:39:31,680 [INFO] ThirdParty:999 - CMSIS Pack Vendor :STMicroelectronics USB_DEVICE 2.0.0
2024-11-07 16:39:31,680 [INFO] ThirdParty:999 - CMSIS Pack Vendor :STMicroelectronics X-CUBE-NFC6 3.1.0
2024-11-07 16:39:31,681 [INFO] ThirdParty:999 - CMSIS Pack Vendor :STMicroelectronics X-CUBE-MEMS1 11.0.0
2024-11-07 16:39:31,681 [INFO] ThirdParty:999 - CMSIS Pack Vendor :STMicroelectronics FreeRTOS 0.0.1
2024-11-07 16:39:31,681 [INFO] ThirdParty:999 - CMSIS Pack Vendor :STMicroelectronics X-CUBE-AZRTOS-G0 1.1.0
2024-11-07 16:39:31,681 [INFO] ThirdParty:999 - CMSIS Pack Vendor :STMicroelectronics X-CUBE-SAFEA1 1.2.2
2024-11-07 16:39:31,681 [INFO] ThirdParty:999 - CMSIS Pack Vendor :STMicroelectronics X-CUBE-NFC4 3.0.0
2024-11-07 16:39:31,681 [INFO] ThirdParty:999 - CMSIS Pack Vendor :STMicroelectronics X-CUBE-SUBG2 5.0.0
2024-11-07 16:39:31,681 [INFO] ThirdParty:999 - CMSIS Pack Vendor :STMicroelectronics STM32_WPAN 1.0.0
2024-11-07 16:39:31,681 [INFO] ThirdParty:999 - CMSIS Pack Vendor :STMicroelectronics lwIP 2.0.3
2024-11-07 16:39:31,681 [INFO] ThirdParty:999 - CMSIS Pack Vendor :STMicroelectronics FP-SNS-FLIGHT1 5.0.2
2024-11-07 16:39:31,681 [INFO] ThirdParty:999 - CMSIS Pack Vendor :Cesanta I-CUBE-Mongoose 7.13.0
2024-11-07 16:39:31,681 [INFO] ThirdParty:999 - CMSIS Pack Vendor :STMicroelectronics USB_HOST 1.0.0
2024-11-07 16:39:31,681 [INFO] ThirdParty:999 - CMSIS Pack Vendor :STMicroelectronics X-CUBE-AI 9.0.0
2024-11-07 16:39:31,681 [INFO] ThirdParty:999 - CMSIS Pack Vendor :STMicroelectronics X-CUBE-AZRTOS-G4 2.0.0
2024-11-07 16:39:31,681 [INFO] ThirdParty:999 - CMSIS Pack Vendor :STMicroelectronics PDM2PCM 3.1.0
2024-11-07 16:39:31,681 [INFO] ThirdParty:999 - CMSIS Pack Vendor :STMicroelectronics PDM2PCM 3.3.0
2024-11-07 16:39:31,681 [INFO] ThirdParty:999 - CMSIS Pack Vendor :STMicroelectronics X-CUBE-DISPLAY 3.0.0
2024-11-07 16:39:31,681 [INFO] ThirdParty:999 - CMSIS Pack Vendor :wolfSSL I-CUBE-wolfSSL 5.7.0
2024-11-07 16:39:31,681 [INFO] ThirdParty:999 - CMSIS Pack Vendor :STMicroelectronics X-CUBE-BLE1 7.0.0
2024-11-07 16:39:31,681 [INFO] ThirdParty:999 - CMSIS Pack Vendor :STMicroelectronics FP-ATR-SIGFOX1 3.2.0
2024-11-07 16:39:31,682 [INFO] ThirdParty:999 - CMSIS Pack Vendor :STMicroelectronics X-CUBE-NFC10 1.0.0
2024-11-07 16:39:31,682 [INFO] ThirdParty:999 - CMSIS Pack Vendor :wolfSSL I-CUBE-wolfSSL 5.7.2
2024-11-07 16:39:31,682 [INFO] ThirdParty:999 - CMSIS Pack Vendor :STMicroelectronics X-CUBE-ISPU 2.0.0
2024-11-07 16:39:31,682 [INFO] ThirdParty:999 - CMSIS Pack Vendor :STMicroelectronics X-CUBE-EEPRMA1 5.1.0
2024-11-07 16:39:31,682 [INFO] ThirdParty:999 - CMSIS Pack Vendor :STMicroelectronics HAL Drivers 0.0.0
2024-11-07 16:39:31,682 [INFO] ThirdParty:999 - CMSIS Pack Vendor :STMicroelectronics MBEDTLS 2.16.2
2024-11-07 16:39:31,682 [INFO] ThirdParty:999 - CMSIS Pack Vendor :STMicroelectronics X-CUBE-ALS 1.0.2
2024-11-07 16:39:31,682 [INFO] ThirdParty:999 - CMSIS Pack Vendor :emotas I-CUBE-CANOPEN 1.3.0
2024-11-07 16:39:31,682 [INFO] ThirdParty:999 - CMSIS Pack Vendor :STMicroelectronics X-CUBE-MEMS1 10.0.0
2024-11-07 16:39:31,682 [INFO] ThirdParty:999 - CMSIS Pack Vendor :STMicroelectronics X-CUBE-NFC7 1.0.1
2024-11-07 16:39:31,682 [INFO] ThirdParty:999 - CMSIS Pack Vendor :STMicroelectronics MBEDTLS 2.14.1
2024-11-07 16:39:31,682 [INFO] ThirdParty:999 - CMSIS Pack Vendor :STMicroelectronics X-CUBE-TOUCHGFX 4.24.0
2024-11-07 16:39:31,682 [INFO] ThirdParty:999 - CMSIS Pack Vendor :ITTIA_DB I-CUBE-ITTIADB 8.9.0
2024-11-07 16:39:31,682 [INFO] ThirdParty:999 - CMSIS Pack Vendor :wolfSSL I-CUBE-wolfTPM 3.2.0
2024-11-07 16:39:31,682 [INFO] ThirdParty:999 - CMSIS Pack Vendor :STMicroelectronics X-CUBE-TOUCHGFX 4.24.1
2024-11-07 16:39:31,683 [INFO] ThirdParty:999 - CMSIS Pack Vendor :wolfSSL I-CUBE-wolfTPM 3.4.0
2024-11-07 16:39:31,683 [INFO] ThirdParty:999 - CMSIS Pack Vendor :portGmbH I-Cube-SoM-uGOAL 1.1.0
2024-11-07 16:39:31,683 [INFO] ThirdParty:999 - CMSIS Pack Vendor :STMicroelectronics X-CUBE-BLEMGR 3.1.0
2024-11-07 16:39:31,683 [INFO] ThirdParty:999 - CMSIS Pack Vendor :STMicroelectronics ThreadX 1.0.0
2024-11-07 16:39:31,683 [INFO] ThirdParty:999 - CMSIS Pack Vendor :STMicroelectronics FP-SNS-SMARTAG2 1.2.0
2024-11-07 16:39:31,683 [INFO] ThirdParty:999 - CMSIS Pack Vendor :STMicroelectronics X-CUBE-AZRTOS-WL 2.0.0
2024-11-07 16:39:31,683 [INFO] ThirdParty:999 - CMSIS Pack Vendor :SEGGER I-CUBE-embOS 1.3.1
2024-11-07 16:39:31,683 [INFO] ThirdParty:999 - CMSIS Pack Vendor :STMicroelectronics X-CUBE-ALGOBUILD 1.4.0
2024-11-07 16:39:31,683 [INFO] ThirdParty:999 - CMSIS Pack Vendor :STMicroelectronics FP-SNS-MOTENV1 5.0.0
2024-11-07 16:39:31,683 [INFO] ThirdParty:999 - CMSIS Pack Vendor :STMicroelectronics USB_DEVICE 1.0.0
2024-11-07 16:39:31,683 [INFO] ThirdParty:999 - CMSIS Pack Vendor :STMicroelectronics X-CUBE-AZRTOS-H7RS 1.0.0
2024-11-07 16:39:31,683 [INFO] ThirdParty:999 - CMSIS Pack Vendor :wolfSSL I-CUBE-wolfMQTT 1.19.0
2024-11-07 16:39:31,683 [INFO] ThirdParty:999 - CMSIS Pack Vendor :STMicroelectronics X-CUBE-AZRTOS-L4 2.0.0
2024-11-07 16:39:31,683 [INFO] ThirdParty:999 - CMSIS Pack Vendor :STMicroelectronics ThreadX 0.0.2
2024-11-07 16:39:31,683 [INFO] ThirdParty:999 - CMSIS Pack Vendor :WES I-CUBE-Cesium 1.3.0
2024-11-07 16:39:31,683 [INFO] ThirdParty:999 - CMSIS Pack Vendor :STMicroelectronics FP-ATR-ASTRA1 2.0.0
2024-11-07 16:39:31,683 [INFO] ThirdParty:999 - CMSIS Pack Vendor :STMicroelectronics lwIP 2.1.2
2024-11-07 16:39:31,684 [INFO] ThirdParty:999 - CMSIS Pack Vendor :STMicroelectronics X-CUBE-SFXS2LP1 4.0.0
2024-11-07 16:39:31,684 [INFO] ThirdParty:999 - CMSIS Pack Vendor :STMicroelectronics X-CUBE-BLE2 3.3.0
2024-11-07 16:39:31,684 [INFO] ThirdParty:999 - CMSIS Pack Vendor :STMicroelectronics X-CUBE-AI 9.1.0
2024-11-07 16:39:31,684 [INFO] ThirdParty:999 - CMSIS Pack Vendor :STMicroelectronics X-CUBE-TOF1 3.4.1
2024-11-07 16:39:31,684 [INFO] ThirdParty:999 - CMSIS Pack Vendor :STMicroelectronics X-CUBE-AZRTOS-H7 3.2.0
2024-11-07 16:39:31,684 [INFO] ThirdParty:999 - CMSIS Pack Vendor :Infineon AIROC-Wi-Fi-Bluetooth-STM32 1.6.0
2024-11-07 16:39:31,684 [INFO] ThirdParty:999 - CMSIS Pack Vendor :STMicroelectronics PDM2PCM 3.2.0
2024-11-07 16:39:31,684 [INFO] ThirdParty:999 - CMSIS Pack Vendor :wolfSSL I-CUBE-wolfSSH 1.4.17
2024-11-07 16:39:31,684 [INFO] ThirdParty:815 - exiting critical section [change project]
2024-11-07 16:39:32,059 [INFO] PinOutPanel:1477 - setPackage(No Configuration,No Configuration)
2024-11-07 16:39:32,061 [INFO] PinOutPanel:1477 - setPackage(STM32F411RETx,LQFP64)
2024-11-07 16:39:32,881 [INFO] UtilMem:74 - Before build in PCC Used Memory: 370778112 Bytes (515899392)
2024-11-07 16:39:33,679 [INFO] UtilMem:74 - After build in PCC Used Memory: 330816712 Bytes (515899392)
2024-11-07 16:39:33,705 [INFO] IPUIPlugin:79 - create IPUIPlugin
2024-11-07 16:39:33,706 [INFO] IPUIPlugin:79 - create IPUIPlugin
2024-11-07 16:39:33,706 [INFO] IPUIPlugin:79 - create IPUIPlugin
2024-11-07 16:39:33,707 [INFO] IPUIPlugin:79 - create IPUIPlugin
2024-11-07 16:39:33,707 [INFO] IPUIPlugin:79 - create IPUIPlugin
2024-11-07 16:39:33,707 [INFO] IPUIPlugin:79 - create IPUIPlugin
2024-11-07 16:39:33,707 [INFO] IPUIPlugin:79 - create IPUIPlugin
2024-11-07 16:39:33,707 [INFO] IPUIPlugin:79 - create IPUIPlugin
2024-11-07 16:39:33,708 [INFO] IPUIPlugin:79 - create IPUIPlugin
2024-11-07 16:39:33,708 [INFO] IPUIPlugin:79 - create IPUIPlugin
2024-11-07 16:39:33,708 [INFO] IPUIPlugin:79 - create IPUIPlugin
2024-11-07 16:39:33,708 [INFO] IPUIPlugin:79 - create IPUIPlugin
2024-11-07 16:39:33,708 [INFO] IPUIPlugin:79 - create IPUIPlugin
2024-11-07 16:39:33,709 [INFO] IPUIPlugin:79 - create IPUIPlugin
2024-11-07 16:39:33,712 [INFO] IPUIPlugin:79 - create IPUIPlugin
2024-11-07 16:39:33,714 [INFO] IPUIPlugin:79 - create IPUIPlugin
2024-11-07 16:39:33,714 [INFO] IPUIPlugin:79 - create IPUIPlugin
2024-11-07 16:39:33,715 [INFO] IPUIPlugin:79 - create IPUIPlugin
2024-11-07 16:39:33,715 [INFO] IPUIPlugin:79 - create IPUIPlugin
2024-11-07 16:39:33,716 [INFO] IPUIPlugin:79 - create IPUIPlugin
2024-11-07 16:39:33,716 [INFO] IPUIPlugin:79 - create IPUIPlugin
2024-11-07 16:39:33,716 [INFO] IPUIPlugin:79 - create IPUIPlugin
2024-11-07 16:39:33,716 [INFO] IPUIPlugin:79 - create IPUIPlugin
2024-11-07 16:39:33,716 [INFO] IPUIPlugin:79 - create IPUIPlugin
2024-11-07 16:39:33,717 [INFO] IPUIPlugin:79 - create IPUIPlugin
2024-11-07 16:39:33,717 [INFO] IPUIPlugin:79 - create IPUIPlugin
2024-11-07 16:39:33,718 [INFO] IPUIPlugin:79 - create IPUIPlugin
2024-11-07 16:39:33,718 [INFO] IPUIPlugin:79 - create IPUIPlugin
2024-11-07 16:39:33,718 [INFO] IPUIPlugin:79 - create IPUIPlugin
2024-11-07 16:39:33,718 [INFO] IPUIPlugin:79 - create IPUIPlugin
2024-11-07 16:39:33,719 [INFO] IPUIPlugin:79 - create IPUIPlugin
2024-11-07 16:39:33,719 [INFO] IPUIPlugin:79 - create IPUIPlugin
2024-11-07 16:39:33,719 [INFO] IPUIPlugin:79 - create IPUIPlugin
2024-11-07 16:39:33,720 [INFO] IPUIPlugin:79 - create IPUIPlugin
2024-11-07 16:39:33,720 [INFO] IPUIPlugin:79 - create IPUIPlugin
2024-11-07 16:39:33,720 [INFO] IPUIPlugin:79 - create IPUIPlugin
2024-11-07 16:39:33,721 [INFO] IPUIPlugin:79 - create IPUIPlugin
2024-11-07 16:39:33,721 [INFO] IPUIPlugin:79 - create IPUIPlugin
2024-11-07 16:39:33,721 [INFO] IPUIPlugin:79 - create IPUIPlugin
2024-11-07 16:39:33,722 [INFO] IPUIPlugin:79 - create IPUIPlugin
2024-11-07 16:39:33,722 [INFO] IPUIPlugin:79 - create IPUIPlugin
2024-11-07 16:39:33,723 [INFO] IPUIPlugin:79 - create IPUIPlugin
2024-11-07 16:39:33,723 [INFO] IPUIPlugin:79 - create IPUIPlugin
2024-11-07 16:39:33,777 [INFO] ApiDbMcu:505 - Load IP Config File for PDM2PCM
2024-11-07 16:39:33,982 [INFO] CADModel:164 - CPN selected for project levelSTM32F411RET6
2024-11-07 16:39:33,982 [INFO] CADModel:113 - Register for checkConnection events
2024-11-07 16:39:34,032 [INFO] OpenFileManager:327 - Restore cursor
2024-11-07 16:39:35,088 [INFO] UtilMem:74 - End SaveConfig() Used Memory: 303932040 Bytes (515899392)
2024-11-07 16:39:35,162 [INFO] UtilMem:74 - End SaveConfig() Used Memory: 319660680 Bytes (515899392)
2024-11-07 16:39:35,604 [INFO] BlockDiagram:2759 - set Specific Code input for plugin: SPI
2024-11-07 16:39:35,604 [INFO] BlockDiagram:2759 - set Specific Code input for plugin: NVIC
2024-11-07 16:39:35,604 [INFO] BlockDiagram:2759 - set Specific Code input for plugin: TIM1_8
2024-11-07 16:39:35,604 [INFO] BlockDiagram:2759 - set Specific Code input for plugin: TIM1_8
2024-11-07 16:39:35,604 [INFO] BlockDiagram:2759 - set Specific Code input for plugin: TIM1_8
2024-11-07 16:39:35,605 [INFO] BlockDiagram:2759 - set Specific Code input for plugin: SYS
2024-11-07 16:39:35,605 [INFO] BlockDiagram:2759 - set Specific Code input for plugin: GPIO
2024-11-07 16:39:35,605 [INFO] BlockDiagram:2759 - set Specific Code input for plugin: RCC
2024-11-07 16:39:35,605 [INFO] BlockDiagram:2759 - set Specific Code input for plugin: CRC
2024-11-07 16:39:35,606 [INFO] CodeGenerator:692 - code generatio: config db path: C:\ST\STM32CubeIDE_1.11.0\STM32CubeIDE\plugins\com.st.stm32cube.common.mx_6.7.0.202211181646\\db\
2024-11-07 16:39:36,031 [INFO] CodeEngine:247 - oldGeneratedFile, C:\Users\Igor\Desktop\Green_wave_deviceA\Device_A\MXTmpFiles\license.tmp_save
2024-11-07 16:39:36,408 [INFO] CodeEngine:271 - Generated code: C:\Users\Igor\Desktop\Green_wave_deviceA\Device_A\MXTmpFiles\license.tmp
2024-11-07 16:39:36,511 [INFO] CodeEngine:247 - oldGeneratedFile, C:\Users\Igor\Desktop\Green_wave_deviceA\Device_A\MXTmpFiles\gpio.tmp_save
2024-11-07 16:39:36,647 [INFO] CodeEngine:271 - Generated code: C:\Users\Igor\Desktop\Green_wave_deviceA\Device_A\MXTmpFiles\gpio.tmp
2024-11-07 16:39:37,143 [INFO] CodeEngine:247 - oldGeneratedFile, C:\Users\Igor\Desktop\Green_wave_deviceA\Device_A\Core\Src\stm32f4xx_it.c_save
2024-11-07 16:39:37,333 [INFO] CodeEngine:271 - Generated code: C:\Users\Igor\Desktop\Green_wave_deviceA\Device_A\Core\Src\stm32f4xx_it.c
2024-11-07 16:39:37,339 [INFO] CodeEngine:247 - oldGeneratedFile, C:\Users\Igor\Desktop\Green_wave_deviceA\Device_A\Core\Inc\stm32f4xx_it.h_save
2024-11-07 16:39:37,436 [INFO] CodeEngine:271 - Generated code: C:\Users\Igor\Desktop\Green_wave_deviceA\Device_A\Core\Inc\stm32f4xx_it.h
2024-11-07 16:39:37,448 [INFO] CodeEngine:247 - oldGeneratedFile, C:\Users\Igor\Desktop\Green_wave_deviceA\Device_A\Core\Src\stm32f4xx_hal_msp.c_save
2024-11-07 16:39:37,591 [INFO] CodeEngine:271 - Generated code: C:\Users\Igor\Desktop\Green_wave_deviceA\Device_A\Core\Src\stm32f4xx_hal_msp.c
2024-11-07 16:39:37,618 [INFO] CodeEngine:247 - oldGeneratedFile, C:\Users\Igor\Desktop\Green_wave_deviceA\Device_A\MXTmpFiles\system.tmp_save
2024-11-07 16:39:37,686 [INFO] CodeEngine:271 - Generated code: C:\Users\Igor\Desktop\Green_wave_deviceA\Device_A\MXTmpFiles\system.tmp
2024-11-07 16:39:37,715 [INFO] CodeEngine:303 - oldGeneratedFile, C:\Users\Igor\Desktop\Green_wave_deviceA\Device_A\Core\Inc\stm32f4xx_hal_conf.h_save
2024-11-07 16:39:37,803 [INFO] CodeEngine:327 - Generated code: C:\Users\Igor\Desktop\Green_wave_deviceA\Device_A\Core\Inc\stm32f4xx_hal_conf.h
2024-11-07 16:39:37,846 [WARN] IPConfigManager:3414 - IP not found : TIM
2024-11-07 16:39:37,848 [WARN] CodeGenerator:3583 - IP not found : null
2024-11-07 16:39:37,854 [INFO] CodeEngine:247 - oldGeneratedFile, C:\Users\Igor\Desktop\Green_wave_deviceA\Device_A\Core\Inc\main.h_save
2024-11-07 16:39:37,985 [INFO] CodeEngine:271 - Generated code: C:\Users\Igor\Desktop\Green_wave_deviceA\Device_A\Core\Inc\main.h
2024-11-07 16:39:38,021 [INFO] CodeEngine:247 - oldGeneratedFile, C:\Users\Igor\Desktop\Green_wave_deviceA\Device_A\Core\Src\main.c_save
2024-11-07 16:39:38,214 [INFO] CodeEngine:271 - Generated code: C:\Users\Igor\Desktop\Green_wave_deviceA\Device_A\Core\Src\main.c
2024-11-07 16:39:39,060 [INFO] ProjectBuilder:2919 - Time for Copy HAL[1] : 239mS.
2024-11-07 16:39:39,076 [INFO] ProjectBuilder:4183 - Project Generator version: 3.18.0-B7
2024-11-07 16:39:39,518 [INFO] ConfigFileManager:1396 - The Die is : DIE431
2024-11-07 16:39:39,566 [INFO] ApiDbMcu:505 - Load IP Config File for FATFS
2024-11-07 16:39:39,604 [INFO] ApiDbMcu:505 - Load IP Config File for FREERTOS
2024-11-07 16:39:39,609 [INFO] ApiDbMcu:505 - Load IP Config File for LIBJPEG
2024-11-07 16:39:39,684 [INFO] ApiDbMcu:505 - Load IP Config File for MBEDTLS
2024-11-07 16:39:39,765 [INFO] ApiDbMcu:505 - Load IP Config File for USB_DEVICE
2024-11-07 16:39:39,791 [INFO] ApiDbMcu:505 - Load IP Config File for USB_HOST
2024-11-07 16:39:43,107 [INFO] ProjectBuilder:4351 - Time for Generating toolchain IDE Files: 4030mS.
2024-11-07 16:39:43,108 [INFO] ProjectBuilder:2790 - Time for Copy CMSIS : 1mS.
2024-11-07 16:39:43,111 [INFO] ProjectBuilder:2790 - Time for Copy CMSIS : 0mS.
2024-11-07 16:39:43,440 [INFO] McuFinderGlobals:65 - Set McuFinderConnectedMode to true
2024-11-07 16:39:43,442 [INFO] ApiDb:447 - Save user favorites file C:\Users\Igor/.stm32cubeide/favorites.mcus.txt: 0 item(s)
2024-11-07 16:39:43,442 [INFO] ApiDb:451 - User favorites MCUs=[]
2024-11-07 16:56:49,630 [INFO] JxBrowserEngine:114 - Initiate JxBrowser Engine with user profile folder
2024-11-07 16:56:50,732 [INFO] WebAppUi:459 - Close the Jxbrowser engine manually
2024-11-07 16:56:50,791 [INFO] WebAppUi:462 - Profiles folder deleted
2024-11-07 16:56:55,381 [ERROR] LogOutputStream:74 - [STDERR_REDIRECT] 
2024-11-07 20:57:14,392 [INFO] Activator:179 - 


2024-11-07 20:57:14,394 [INFO] Activator:180 - !SESSION log4j initialized
2024-11-08 09:51:31,875 [INFO] Activator:179 - 


2024-11-08 09:51:31,876 [INFO] Activator:180 - !SESSION log4j initialized
